  Controller.cpp
F:\University\Y1\C++\SurvivalGame\SurvivalGame\console.h(36): warning C4091: 'static ': ignored on left of 'Console::COLOUR' when no variable is declared
F:\University\Y1\C++\SurvivalGame\SurvivalGame\Entity.h(5,10): warning C4067: unexpected tokens following preprocessor directive - expected a newline
F:\University\Y1\C++\SurvivalGame\SurvivalGame\Entity.h(6,10): warning C4067: unexpected tokens following preprocessor directive - expected a newline
F:\University\Y1\C++\SurvivalGame\SurvivalGame\Controller.cpp(33,65): warning C4267: 'argument': conversion from 'size_t' to 'short', possible loss of data
F:\University\Y1\C++\SurvivalGame\SurvivalGame\Controller.cpp(41,62): warning C4267: 'argument': conversion from 'size_t' to 'short', possible loss of data
F:\University\Y1\C++\SurvivalGame\SurvivalGame\Controller.cpp(51,66): warning C4267: 'argument': conversion from 'size_t' to 'short', possible loss of data
F:\University\Y1\C++\SurvivalGame\SurvivalGame\Controller.cpp(62,66): warning C4267: 'argument': conversion from 'size_t' to 'short', possible loss of data
F:\University\Y1\C++\SurvivalGame\SurvivalGame\Controller.cpp(63,21): warning C4018: '<': signed/unsigned mismatch
F:\University\Y1\C++\SurvivalGame\SurvivalGame\Controller.cpp(72,66): warning C4267: 'argument': conversion from 'size_t' to 'short', possible loss of data
F:\University\Y1\C++\SurvivalGame\SurvivalGame\Controller.cpp(76,21): warning C4018: '<': signed/unsigned mismatch
F:\University\Y1\C++\SurvivalGame\SurvivalGame\Controller.cpp(82,66): warning C4267: 'argument': conversion from 'size_t' to 'short', possible loss of data
F:\University\Y1\C++\SurvivalGame\SurvivalGame\Controller.cpp(83,21): warning C4018: '<': signed/unsigned mismatch
F:\University\Y1\C++\SurvivalGame\SurvivalGame\Controller.cpp(91,65): warning C4267: 'argument': conversion from 'size_t' to 'short', possible loss of data
F:\University\Y1\C++\SurvivalGame\SurvivalGame\Controller.cpp(93,62): warning C4267: 'argument': conversion from 'size_t' to 'short', possible loss of data
F:\University\Y1\C++\SurvivalGame\SurvivalGame\Controller.cpp(102,19): warning C4018: '>=': signed/unsigned mismatch
F:\University\Y1\C++\SurvivalGame\SurvivalGame\Controller.cpp(106,21): warning C4018: '<': signed/unsigned mismatch
F:\University\Y1\C++\SurvivalGame\SurvivalGame\Controller.cpp(110,116): warning C4267: 'argument': conversion from 'size_t' to 'short', possible loss of data
F:\University\Y1\C++\SurvivalGame\SurvivalGame\Controller.cpp(180,64): warning C4267: 'argument': conversion from 'size_t' to 'short', possible loss of data
F:\University\Y1\C++\SurvivalGame\SurvivalGame\Controller.cpp(182,98): warning C4267: 'argument': conversion from 'size_t' to 'short', possible loss of data
  SurvivalGame.vcxproj -> F:\University\Y1\C++\SurvivalGame\Debug\SurvivalGame.exe
